<?xml version="1.0" encoding="UTF-8"?>
<!-- Generated by org.testng.reporters.JUnitXMLReporter -->
<testsuite ignored="0" hostname="RaJySaJaTuBhJa" failures="2" tests="2" name="Test" time="0.818" errors="0" timestamp="29 Jun 2020 08:00:35 GMT">
  <testcase classname="Runner.TestRunner" name="scenario" time="0.332">
    <failure type="cucumber.runtime.CucumberException" message="Failed to instantiate class StepDefinitions.Stepdef">
      <![CDATA[cucumber.runtime.CucumberException: Failed to instantiate class StepDefinitions.Stepdef
	at cucumber.runtime.java.DefaultJavaObjectFactory.cacheNewInstance(DefaultJavaObjectFactory.java:47)
	at cucumber.runtime.java.DefaultJavaObjectFactory.getInstance(DefaultJavaObjectFactory.java:33)
	at cucumber.runtime.java.JavaStepDefinition.execute(JavaStepDefinition.java:37)
	at cucumber.runtime.StepDefinitionMatch.runStep(StepDefinitionMatch.java:40)
	at cucumber.api.TestStep.executeStep(TestStep.java:102)
	at cucumber.api.TestStep.run(TestStep.java:83)
	at cucumber.api.TestCase.run(TestCase.java:58)
	at cucumber.runner.Runner.runPickle(Runner.java:80)
	at cucumber.api.testng.TestNGCucumberRunner.runScenario(TestNGCucumberRunner.java:84)
	at Runner.TestRunner.scenario(TestRunner.java:49)
	at cucumber.runtime.java.DefaultJavaObjectFactory.cacheNewInstance(DefaultJavaObjectFactory.java:41)
	... 34 more
Caused by: java.lang.NullPointerException
	at help.utilitieshelp.initprop(utilitieshelp.java:15)
	at TestBase.testbase.<init>(testbase.java:33)
	at StepDefinitions.Stepdef.<init>(Stepdef.java:19)
	... 39 more
... Removed 30 stack frames]]>
    </failure>
  </testcase> <!-- scenario -->
  <testcase classname="Runner.TestRunner" name="scenario" time="0.023">
    <failure type="cucumber.runtime.CucumberException" message="Failed to instantiate class StepDefinitions.Stepdef">
      <![CDATA[cucumber.runtime.CucumberException: Failed to instantiate class StepDefinitions.Stepdef
	at cucumber.runtime.java.DefaultJavaObjectFactory.cacheNewInstance(DefaultJavaObjectFactory.java:47)
	at cucumber.runtime.java.DefaultJavaObjectFactory.getInstance(DefaultJavaObjectFactory.java:33)
	at cucumber.runtime.java.JavaStepDefinition.execute(JavaStepDefinition.java:37)
	at cucumber.runtime.StepDefinitionMatch.runStep(StepDefinitionMatch.java:40)
	at cucumber.api.TestStep.executeStep(TestStep.java:102)
	at cucumber.api.TestStep.run(TestStep.java:83)
	at cucumber.api.TestCase.run(TestCase.java:58)
	at cucumber.runner.Runner.runPickle(Runner.java:80)
	at cucumber.api.testng.TestNGCucumberRunner.runScenario(TestNGCucumberRunner.java:84)
	at Runner.TestRunner.scenario(TestRunner.java:49)
	at cucumber.runtime.java.DefaultJavaObjectFactory.cacheNewInstance(DefaultJavaObjectFactory.java:41)
	... 34 more
Caused by: java.lang.NullPointerException
	at help.utilitieshelp.initprop(utilitieshelp.java:15)
	at TestBase.testbase.<init>(testbase.java:33)
	at StepDefinitions.Stepdef.<init>(Stepdef.java:19)
	... 39 more
... Removed 30 stack frames]]>
    </failure>
  </testcase> <!-- scenario -->
</testsuite> <!-- Test -->
